This file contains any messages produced by compilers while
running configure, to aid debugging if configure makes a mistake.

It was created by [LLVM-Liberty] configure [x.xx], which was
generated by GNU Autoconf 2.61.  Invocation command line was

  $ ../sample/configure --with-llvmsrc=/afs/glue/class/old/enee/759c/llvm/llvm-3.4.src --with-llvmobj=/afs/glue/class/old/enee/759c/llvm/llvm-3.4-install/obj --prefix=/homes/lee0429/test/opt

## --------- ##
## Platform. ##
## --------- ##

hostname = compute3.physics.umd.edu
uname -m = x86_64
uname -r = 2.6.32-642.11.1.el6.x86_64
uname -s = Linux
uname -v = #1 SMP Wed Oct 26 10:25:23 EDT 2016

/usr/bin/uname -p = unknown
/bin/uname -X     = unknown

/bin/arch              = x86_64
/usr/bin/arch -k       = unknown
/usr/convex/getsysinfo = unknown
/usr/bin/hostinfo      = unknown
/bin/machine           = unknown
/usr/bin/oslevel       = unknown
/bin/universe          = unknown

PATH: /homes/lee0429/bin/scripts
PATH: /homes/lee0429/bin/linux/x86_64
PATH: /usr/local/scripts
PATH: /usr/local/bin
PATH: /usr/glue/bin
PATH: /usr/glue/sbin
PATH: /usr/bin
PATH: /bin
PATH: /sbin
PATH: /usr/sbin
PATH: /usr/afsws/bin
PATH: .


## ----------- ##
## Core tests. ##
## ----------- ##

configure:1836: creating ./config.status

## ---------------------- ##
## Running config.status. ##
## ---------------------- ##

This file was extended by [LLVM-Liberty] config.status [x.xx], which was
generated by GNU Autoconf 2.61.  Invocation command line was

  CONFIG_FILES    = 
  CONFIG_HEADERS  = 
  CONFIG_LINKS    = 
  CONFIG_COMMANDS = 
  $ ./config.status 

on compute3.physics.umd.edu

config.status:580: creating Makefile.common
config.status:753: executing setup commands
config.status:753: executing Makefile commands
config.status:753: executing lib/Makefile commands

## ---------------- ##
## Cache variables. ##
## ---------------- ##

ac_cv_env_build_alias_set=
ac_cv_env_build_alias_value=
ac_cv_env_host_alias_set=
ac_cv_env_host_alias_value=
ac_cv_env_target_alias_set=
ac_cv_env_target_alias_value=

## ----------------- ##
## Output variables. ##
## ----------------- ##

DEFS='-DPACKAGE_NAME=\"\[LLVM-Liberty\]\" -DPACKAGE_TARNAME=\"--llvm-liberty--\" -DPACKAGE_VERSION=\"\[x.xx\]\" -DPACKAGE_STRING=\"\[LLVM-Liberty\]\ \[x.xx\]\" -DPACKAGE_BUGREPORT=\"liberty@cs.princeton.edu\"'
ECHO_C=''
ECHO_N='-n'
ECHO_T=''
LIBOBJS=''
LIBS=''
LLVM_OBJ='/afs/glue/class/old/enee/759c/llvm/llvm-3.4-install/obj'
LLVM_SRC='/afs/glue/class/old/enee/759c/llvm/llvm-3.4.src'
LTLIBOBJS=''
PACKAGE_BUGREPORT='liberty@cs.princeton.edu'
PACKAGE_NAME='[LLVM-Liberty]'
PACKAGE_STRING='[LLVM-Liberty] [x.xx]'
PACKAGE_TARNAME='--llvm-liberty--'
PACKAGE_VERSION='[x.xx]'
PATH_SEPARATOR=':'
SHELL='/bin/sh'
bindir='${exec_prefix}/bin'
build_alias=''
datadir='${datarootdir}'
datarootdir='${prefix}/share'
docdir='${datarootdir}/doc/${PACKAGE_TARNAME}'
dvidir='${docdir}'
exec_prefix='${prefix}'
host_alias=''
htmldir='${docdir}'
includedir='${prefix}/include'
infodir='${datarootdir}/info'
libdir='${exec_prefix}/lib'
libexecdir='${exec_prefix}/libexec'
localedir='${datarootdir}/locale'
localstatedir='${prefix}/var'
mandir='${datarootdir}/man'
oldincludedir='/usr/include'
pdfdir='${docdir}'
prefix='/homes/lee0429/test/opt'
program_transform_name='s,x,x,'
psdir='${docdir}'
sbindir='${exec_prefix}/sbin'
sharedstatedir='${prefix}/com'
sysconfdir='${prefix}/etc'
target_alias=''

## ----------- ##
## confdefs.h. ##
## ----------- ##

#define PACKAGE_NAME "[LLVM-Liberty]"
#define PACKAGE_TARNAME "--llvm-liberty--"
#define PACKAGE_VERSION "[x.xx]"
#define PACKAGE_STRING "[LLVM-Liberty] [x.xx]"
#define PACKAGE_BUGREPORT "liberty@cs.princeton.edu"

configure: exit 0
